Mapsme/build/outputs/logs/manifest-merger-debug-report.txt
-- Merging decision tree log ---
manifest
ADDED from Android-location\Mapsme\AndroidManifest.xml:1:1-8:12
INJECTED from Android-location\Mapsme\AndroidManifest.xml:1:1-8:12
INJECTED from Android-location\Mapsme\AndroidManifest.xml:1:1-8:12
INJECTED from Android-location\Mapsme\AndroidManifest.xml:1:1-8:12
INJECTED from Android-location\Mapsme\AndroidManifest.xml:1:1-8:12
INJECTED from Android-location\Mapsme\AndroidManifest.xml:1:1-8:12
INJECTED from Android-location\Mapsme\AndroidManifest.xml:1:1-8:12
	package
		ADDED from Android-location\Mapsme\AndroidManifest.xml:2:5-37
		INJECTED from Android-location\Mapsme\AndroidManifest.xml
		INJECTED from Android-location\Mapsme\AndroidManifest.xml
	android:versionName
		ADDED from Android-location\Mapsme\AndroidManifest.xml:4:5-30
		INJECTED from Android-location\Mapsme\AndroidManifest.xml
		INJECTED from Android-location\Mapsme\AndroidManifest.xml
	xmlns:android
		ADDED from Android-location\Mapsme\AndroidManifest.xml:1:11-69
	android:versionCode
		ADDED from Android-location\Mapsme\AndroidManifest.xml:3:5-28
		INJECTED from Android-location\Mapsme\AndroidManifest.xml
		INJECTED from Android-location\Mapsme\AndroidManifest.xml
application
ADDED from Android-location\Mapsme\AndroidManifest.xml:6:5-20
uses-sdk
INJECTED from Android-location\Mapsme\AndroidManifest.xml reason: use-sdk injection requested
INJECTED from Android-location\Mapsme\AndroidManifest.xml
INJECTED from Android-location\Mapsme\AndroidManifest.xml
INJECTED from Android-location\Mapsme\AndroidManifest.xml
INJECTED from Android-location\Mapsme\AndroidManifest.xml
	android:targetSdkVersion
		INJECTED from Android-location\Mapsme\AndroidManifest.xml
		ADDED from Android-location\Mapsme\AndroidManifest.xml
		INJECTED from Android-location\Mapsme\AndroidManifest.xml
	android:minSdkVersion
		INJECTED from Android-location\Mapsme\AndroidManifest.xml
		ADDED from Android-location\Mapsme\AndroidManifest.xml
		INJECTED from Android-location\Mapsme\AndroidManifest.xml